{"/Users/james/Projects/code/active/oit_qa_challenge/Book.js": {"path":"/Users/james/Projects/code/active/oit_qa_challenge/Book.js","statementMap":{"0":{"start":{"line":7,"column":6},"end":{"line":7,"column":18}},"1":{"start":{"line":8,"column":6},"end":{"line":8,"column":26}},"2":{"start":{"line":9,"column":6},"end":{"line":9,"column":24}},"3":{"start":{"line":13,"column":18},"end":{"line":24,"column":1}},"4":{"start":{"line":26,"column":24},"end":{"line":26,"column":91}},"5":{"start":{"line":26,"column":48},"end":{"line":26,"column":90}}},"fnMap":{"0":{"name":"(anonymous_0)","decl":{"start":{"line":6,"column":4},"end":{"line":6,"column":5}},"loc":{"start":{"line":6,"column":35},"end":{"line":10,"column":5}},"line":6},"1":{"name":"(anonymous_1)","decl":{"start":{"line":26,"column":38},"end":{"line":26,"column":39}},"loc":{"start":{"line":26,"column":48},"end":{"line":26,"column":90}},"line":26}},"branchMap":{},"s":{"0":11,"1":11,"2":11,"3":1,"4":1,"5":10},"f":{"0":11,"1":10},"b":{},"_coverageSchema":"1a1c01bbd47fc00a2c39e90264f33305004495a9","hash":"86e2f44aa475023e50cf15c71299571ce78b0e15"}
,"/Users/james/Projects/code/active/oit_qa_challenge/BookClient.js": {"path":"/Users/james/Projects/code/active/oit_qa_challenge/BookClient.js","statementMap":{"0":{"start":{"line":2,"column":18},"end":{"line":2,"column":72}},"1":{"start":{"line":5,"column":27},"end":{"line":5,"column":53}},"2":{"start":{"line":7,"column":8},"end":{"line":7,"column":38}},"3":{"start":{"line":13,"column":27},"end":{"line":13,"column":59}},"4":{"start":{"line":15,"column":9},"end":{"line":15,"column":39}},"5":{"start":{"line":21,"column":27},"end":{"line":21,"column":52}},"6":{"start":{"line":22,"column":8},"end":{"line":29,"column":10}},"7":{"start":{"line":34,"column":27},"end":{"line":34,"column":59}},"8":{"start":{"line":36,"column":8},"end":{"line":38,"column":10}}},"fnMap":{"0":{"name":"(anonymous_0)","decl":{"start":{"line":4,"column":4},"end":{"line":4,"column":5}},"loc":{"start":{"line":4,"column":20},"end":{"line":10,"column":5}},"line":4},"1":{"name":"(anonymous_1)","decl":{"start":{"line":12,"column":4},"end":{"line":12,"column":5}},"loc":{"start":{"line":12,"column":22},"end":{"line":18,"column":5}},"line":12},"2":{"name":"(anonymous_2)","decl":{"start":{"line":20,"column":4},"end":{"line":20,"column":5}},"loc":{"start":{"line":20,"column":24},"end":{"line":31,"column":5}},"line":20},"3":{"name":"(anonymous_3)","decl":{"start":{"line":33,"column":4},"end":{"line":33,"column":5}},"loc":{"start":{"line":33,"column":24},"end":{"line":39,"column":5}},"line":33}},"branchMap":{},"s":{"0":1,"1":2,"2":2,"3":1,"4":1,"5":11,"6":11,"7":11,"8":11},"f":{"0":2,"1":1,"2":11,"3":11},"b":{},"_coverageSchema":"1a1c01bbd47fc00a2c39e90264f33305004495a9","hash":"c535626cad2648273b8f5f41a4b577755d75f4ef"}
}
