{"/Users/james/Projects/code/active/oit_qa_challenge/src/Book.js": {"path":"/Users/james/Projects/code/active/oit_qa_challenge/src/Book.js","statementMap":{"0":{"start":{"line":7,"column":6},"end":{"line":7,"column":18}},"1":{"start":{"line":8,"column":6},"end":{"line":8,"column":26}},"2":{"start":{"line":9,"column":6},"end":{"line":9,"column":24}},"3":{"start":{"line":13,"column":18},"end":{"line":24,"column":1}},"4":{"start":{"line":26,"column":24},"end":{"line":26,"column":91}},"5":{"start":{"line":26,"column":48},"end":{"line":26,"column":90}}},"fnMap":{"0":{"name":"(anonymous_0)","decl":{"start":{"line":6,"column":4},"end":{"line":6,"column":5}},"loc":{"start":{"line":6,"column":35},"end":{"line":10,"column":5}},"line":6},"1":{"name":"(anonymous_1)","decl":{"start":{"line":26,"column":38},"end":{"line":26,"column":39}},"loc":{"start":{"line":26,"column":48},"end":{"line":26,"column":90}},"line":26}},"branchMap":{},"s":{"0":11,"1":11,"2":11,"3":1,"4":1,"5":10},"f":{"0":11,"1":10},"b":{},"_coverageSchema":"1a1c01bbd47fc00a2c39e90264f33305004495a9","hash":"669dd9164be69f5bf24a1795a31fb2f146ec0622"}
,"/Users/james/Projects/code/active/oit_qa_challenge/src/BookClient.js": {"path":"/Users/james/Projects/code/active/oit_qa_challenge/src/BookClient.js","statementMap":{"0":{"start":{"line":2,"column":18},"end":{"line":2,"column":77}},"1":{"start":{"line":5,"column":8},"end":{"line":5,"column":44}},"2":{"start":{"line":9,"column":9},"end":{"line":9,"column":55}},"3":{"start":{"line":13,"column":8},"end":{"line":20,"column":10}},"4":{"start":{"line":24,"column":8},"end":{"line":26,"column":10}}},"fnMap":{"0":{"name":"(anonymous_0)","decl":{"start":{"line":4,"column":4},"end":{"line":4,"column":5}},"loc":{"start":{"line":4,"column":20},"end":{"line":6,"column":5}},"line":4},"1":{"name":"(anonymous_1)","decl":{"start":{"line":8,"column":4},"end":{"line":8,"column":5}},"loc":{"start":{"line":8,"column":22},"end":{"line":10,"column":5}},"line":8},"2":{"name":"(anonymous_2)","decl":{"start":{"line":12,"column":4},"end":{"line":12,"column":5}},"loc":{"start":{"line":12,"column":24},"end":{"line":21,"column":5}},"line":12},"3":{"name":"(anonymous_3)","decl":{"start":{"line":23,"column":4},"end":{"line":23,"column":5}},"loc":{"start":{"line":23,"column":24},"end":{"line":27,"column":5}},"line":23}},"branchMap":{},"s":{"0":1,"1":3,"2":1,"3":12,"4":13},"f":{"0":3,"1":1,"2":12,"3":13},"b":{},"_coverageSchema":"1a1c01bbd47fc00a2c39e90264f33305004495a9","hash":"974936a2844598f0f6058e6fc66fd3052fdab217"}
}
