TN:
SF:Book.js
FN:6,(anonymous_0)
FN:26,(anonymous_1)
FNF:2
FNH:2
FNDA:10,(anonymous_0)
FNDA:10,(anonymous_1)
DA:7,10
DA:8,10
DA:9,10
DA:13,1
DA:26,10
LF:5
LH:5
BRF:0
BRH:0
end_of_record
TN:
SF:BookClient.js
FN:4,(anonymous_0)
FN:12,(anonymous_1)
FN:20,(anonymous_2)
FN:33,(anonymous_3)
FNF:4
FNH:3
FNDA:1,(anonymous_0)
FNDA:0,(anonymous_1)
FNDA:10,(anonymous_2)
FNDA:10,(anonymous_3)
DA:2,1
DA:5,1
DA:7,1
DA:8,1
DA:13,0
DA:15,0
DA:17,0
DA:21,10
DA:22,10
DA:30,10
DA:34,10
DA:36,10
LF:12
LH:9
BRF:0
BRH:0
end_of_record
